<?xml version="1.0" encoding="UTF-8"?>
<!-- Generated by org.testng.reporters.JUnitReportReporter -->
<testsuite hostname="CHE7-L22927" failures="0" tests="1" name="day03pathQueryparameter.HeadersDemo" time="2.090" errors="0" timestamp="2023-07-13T15:05:54 IST" skipped="0">
  <testcase classname="day03pathQueryparameter.HeadersDemo" name="testHeaders" time="2.090"/>
  <system-out/>
</testsuite> <!-- day03pathQueryparameter.HeadersDemo -->
