<?xml version="1.0" encoding="UTF-8"?>
<!-- Generated by org.testng.reporters.JUnitReportReporter -->
<testsuite hostname="CHE7-L22927" failures="0" tests="1" name="day03pathQueryparameter.CookiesDemo" time="2.370" errors="0" timestamp="2023-07-13T14:45:58 IST" skipped="0">
  <testcase classname="day03pathQueryparameter.CookiesDemo" name="getCookiesInfo" time="2.370"/>
  <system-out/>
</testsuite> <!-- day03pathQueryparameter.CookiesDemo -->
