<?xml version="1.0" encoding="UTF-8"?>
<!-- Generated by org.testng.reporters.JUnitReportReporter -->
<testsuite hostname="CHE7-L22927" failures="0" tests="4" name="day01_Restassured.HTTPRequests" time="5.871" errors="0" timestamp="2023-07-28T12:29:33 IST" skipped="0">
  <testcase classname="day01_Restassured.HTTPRequests" name="getUsers" time="2.497"/>
  <system-out/>
  <testcase classname="day01_Restassured.HTTPRequests" name="createUser" time="1.078"/>
  <system-out/>
  <testcase classname="day01_Restassured.HTTPRequests" name="updateUser" time="1.062"/>
  <system-out/>
  <testcase classname="day01_Restassured.HTTPRequests" name="deleteUser" time="1.234"/>
  <system-out/>
</testsuite> <!-- day01_Restassured.HTTPRequests -->
