<?xml version="1.0" encoding="UTF-8"?>
<!-- Generated by org.testng.reporters.JUnitReportReporter -->
<testsuite hostname="CHE7-L22927" failures="0" tests="2" name="testscripts.PlaceOrderTest" time="0.916" errors="0" timestamp="2023-06-13T15:18:42 IST" skipped="0">
  <testcase classname="testscripts.PlaceOrderTest" name="searchtest" time="0.852"/>
  <system-out/>
  <testcase classname="testscripts.PlaceOrderTest" name="checkoutkart" time="0.064"/>
  <system-out/>
</testsuite> <!-- testscripts.PlaceOrderTest -->
