<?xml version="1.0" encoding="UTF-8"?>
<!-- Generated by org.testng.reporters.JUnitReportReporter -->
<testsuite hostname="CHE7-L22927" failures="0" tests="1" name="day03pathQueryparameter.PathandQueryparameter" time="7.910" errors="0" timestamp="2023-07-21T09:31:21 IST" skipped="0">
  <testcase classname="day03pathQueryparameter.PathandQueryparameter" name="testQueryAndPathParameter" time="7.910"/>
  <system-out/>
</testsuite> <!-- day03pathQueryparameter.PathandQueryparameter -->
