<?xml version="1.0" encoding="UTF-8"?>
<!-- Generated by org.testng.reporters.JUnitReportReporter -->
<testsuite hostname="CHE7-L22927" failures="0" tests="1" name="day03pathQueryparameter.LoggingDemo" time="2.337" errors="0" timestamp="2023-07-13T15:12:44 IST" skipped="0">
  <testcase classname="day03pathQueryparameter.LoggingDemo" name="testLogging" time="2.337"/>
  <system-out/>
</testsuite> <!-- day03pathQueryparameter.LoggingDemo -->
